# JRE version: Java(TM) SE Runtime Environment (17.0.10+11) (build 17.0.10+11-LTS-240)
# Java VM: Java HotSpot(TM) 64-Bit Server VM (17.0.10+11-LTS-240, mixed mode, sharing, tiered, compressed oops, compressed class ptrs, g1 gc, windows-amd64)
GC Precious Log:
 CPUs: 8 total, 8 available
 Memory: 16118M
 Large Page Support: Disabled
 NUMA Support: Disabled
 Compressed Oops: Enabled (Zero based)
 Heap Region Size: 2M
 Heap Min Capacity: 8M
 Heap Initial Capacity: 252M
 Heap Max Capacity: 4030M
 Pre-touch: Disabled
 Parallel Workers: 8
 Concurrent Workers: 2
 Concurrent Refinement Workers: 8
 Periodic GC: Disabled
Heap:
 garbage-first heap   total 57344K, used 38114K [0x0000000704200000, 0x0000000800000000)
  region size 2048K, 13 young (26624K), 1 survivors (2048K)
 Metaspace       used 28098K, committed 28544K, reserved 1114112K
  class space    used 3408K, committed 3648K, reserved 1048576K
GC Heap History (18 events):
Event: 2.445 GC heap before
{Heap before GC invocations=0 (full 0):
 garbage-first heap   total 258048K, used 22528K [0x0000000704200000, 0x0000000800000000)
  region size 2048K, 11 young (22528K), 0 survivors (0K)
 Metaspace       used 3397K, committed 3648K, reserved 1114112K
  class space    used 352K, committed 448K, reserved 1048576K
}
Event: 2.459 GC heap after
{Heap after GC invocations=1 (full 0):
 garbage-first heap   total 258048K, used 2517K [0x0000000704200000, 0x0000000800000000)
  region size 2048K, 2 young (4096K), 2 survivors (4096K)
 Metaspace       used 3397K, committed 3648K, reserved 1114112K
  class space    used 352K, committed 448K, reserved 1048576K
}
Event: 3.663 GC heap before
{Heap before GC invocations=1 (full 0):
 garbage-first heap   total 258048K, used 37333K [0x0000000704200000, 0x0000000800000000)
  region size 2048K, 19 young (38912K), 2 survivors (4096K)
 Metaspace       used 7492K, committed 7808K, reserved 1114112K
  class space    used 922K, committed 1088K, reserved 1048576K
}
Event: 3.667 GC heap after
{Heap after GC invocations=2 (full 0):
 garbage-first heap   total 258048K, used 3840K [0x0000000704200000, 0x0000000800000000)
  region size 2048K, 2 young (4096K), 2 survivors (4096K)
 Metaspace       used 7492K, committed 7808K, reserved 1114112K
  class space    used 922K, committed 1088K, reserved 1048576K
}
Event: 7.321 GC heap before
{Heap before GC invocations=2 (full 0):
 garbage-first heap   total 258048K, used 134912K [0x0000000704200000, 0x0000000800000000)
  region size 2048K, 67 young (137216K), 2 survivors (4096K)
 Metaspace       used 21170K, committed 21504K, reserved 1114112K
  class space    used 2547K, committed 2752K, reserved 1048576K
}
Event: 7.335 GC heap after
{Heap after GC invocations=3 (full 0):
 garbage-first heap   total 258048K, used 9367K [0x0000000704200000, 0x0000000800000000)
  region size 2048K, 5 young (10240K), 5 survivors (10240K)
 Metaspace       used 21170K, committed 21504K, reserved 1114112K
  class space    used 2547K, committed 2752K, reserved 1048576K
}
Event: 7.621 GC heap before
{Heap before GC invocations=4 (full 0):
 garbage-first heap   total 55296K, used 44183K [0x0000000704200000, 0x0000000800000000)
  region size 2048K, 23 young (47104K), 5 survivors (10240K)
 Metaspace       used 21239K, committed 21632K, reserved 1114112K
  class space    used 2554K, committed 2752K, reserved 1048576K
}
Event: 7.638 GC heap after
{Heap after GC invocations=5 (full 0):
 garbage-first heap   total 57344K, used 10240K [0x0000000704200000, 0x0000000800000000)
  region size 2048K, 5 young (10240K), 5 survivors (10240K)
 Metaspace       used 21239K, committed 21632K, reserved 1114112K
  class space    used 2554K, committed 2752K, reserved 1048576K
}
Event: 7.691 GC heap before
{Heap before GC invocations=5 (full 0):
 garbage-first heap   total 57344K, used 32768K [0x0000000704200000, 0x0000000800000000)
  region size 2048K, 16 young (32768K), 5 survivors (10240K)
 Metaspace       used 21239K, committed 21632K, reserved 1114112K
  class space    used 2554K, committed 2752K, reserved 1048576K
}
Event: 7.704 GC heap after
{Heap after GC invocations=6 (full 0):
 garbage-first heap   total 57344K, used 11037K [0x0000000704200000, 0x0000000800000000)
  region size 2048K, 2 young (4096K), 2 survivors (4096K)
 Metaspace       used 21239K, committed 21632K, reserved 1114112K
  class space    used 2554K, committed 2752K, reserved 1048576K
}
Event: 8.461 GC heap before
{Heap before GC invocations=6 (full 0):
 garbage-first heap   total 57344K, used 39709K [0x0000000704200000, 0x0000000800000000)
  region size 2048K, 16 young (32768K), 2 survivors (4096K)
 Metaspace       used 24343K, committed 24768K, reserved 1114112K
  class space    used 2940K, committed 3136K, reserved 1048576K
}
Event: 8.464 GC heap after
{Heap after GC invocations=7 (full 0):
 garbage-first heap   total 57344K, used 11380K [0x0000000704200000, 0x0000000800000000)
  region size 2048K, 2 young (4096K), 2 survivors (4096K)
 Metaspace       used 24343K, committed 24768K, reserved 1114112K
  class space    used 2940K, committed 3136K, reserved 1048576K
}
Event: 9.328 GC heap before
{Heap before GC invocations=7 (full 0):
 garbage-first heap   total 57344K, used 40052K [0x0000000704200000, 0x0000000800000000)
  region size 2048K, 16 young (32768K), 2 survivors (4096K)
 Metaspace       used 25327K, committed 25728K, reserved 1114112K
  class space    used 3047K, committed 3264K, reserved 1048576K
}
Event: 9.333 GC heap after
{Heap after GC invocations=8 (full 0):
 garbage-first heap   total 57344K, used 13886K [0x0000000704200000, 0x0000000800000000)
  region size 2048K, 2 young (4096K), 2 survivors (4096K)
 Metaspace       used 25327K, committed 25728K, reserved 1114112K
  class space    used 3047K, committed 3264K, reserved 1048576K
}
Event: 154.690 GC heap before
{Heap before GC invocations=8 (full 0):
 garbage-first heap   total 57344K, used 42558K [0x0000000704200000, 0x0000000800000000)
  region size 2048K, 16 young (32768K), 2 survivors (4096K)
 Metaspace       used 27737K, committed 28224K, reserved 1114112K
  class space    used 3395K, committed 3648K, reserved 1048576K
}
Event: 154.693 GC heap after
{Heap after GC invocations=9 (full 0):
 garbage-first heap   total 57344K, used 15751K [0x0000000704200000, 0x0000000800000000)
  region size 2048K, 2 young (4096K), 2 survivors (4096K)
 Metaspace       used 27737K, committed 28224K, reserved 1114112K
  class space    used 3395K, committed 3648K, reserved 1048576K
}
Event: 342.280 GC heap before
{Heap before GC invocations=9 (full 0):
 garbage-first heap   total 57344K, used 40327K [0x0000000704200000, 0x0000000800000000)
  region size 2048K, 15 young (30720K), 2 survivors (4096K)
 Metaspace       used 28014K, committed 28480K, reserved 1114112K
  class space    used 3407K, committed 3648K, reserved 1048576K
}
Event: 342.283 GC heap after
{Heap after GC invocations=10 (full 0):
 garbage-first heap   total 57344K, used 15586K [0x0000000704200000, 0x0000000800000000)
  region size 2048K, 1 young (2048K), 1 survivors (2048K)
 Metaspace       used 28014K, committed 28480K, reserved 1114112K
  class space    used 3407K, committed 3648K, reserved 1048576K
}

